<?xml version="1.0" encoding="UTF-8"?>
<testng-results skipped="0" failed="0" ignored="0" total="1" passed="1">
  <reporter-output>
  </reporter-output>
  <suite name="Suite" duration-ms="11207" started-at="2023-08-30T15:27:37 IST" finished-at="2023-08-30T15:27:48 IST">
    <groups>
    </groups>
    <test name="Test" duration-ms="11207" started-at="2023-08-30T15:27:37 IST" finished-at="2023-08-30T15:27:48 IST">
      <class name="org.Test.moiouj">
        <test-method status="PASS" signature="runink()[pri:0, instance:org.Test.moiouj@11438d26]" name="runink" duration-ms="11170" started-at="2023-08-30T15:27:37 IST" finished-at="2023-08-30T15:27:48 IST">
          <reporter-output>
          </reporter-output>
        </test-method> <!-- runink -->
      </class> <!-- org.Test.moiouj -->
    </test> <!-- Test -->
  </suite> <!-- Suite -->
</testng-results>
