<?xml version="1.0" encoding="UTF-8"?>
<testng-results ignored="0" total="1" passed="1" failed="0" skipped="0">
  <reporter-output>
  </reporter-output>
  <suite started-at="2023-08-30T15:45:14 IST" name="Default suite" finished-at="2023-08-30T15:45:24 IST" duration-ms="9565">
    <groups>
    </groups>
    <test started-at="2023-08-30T15:45:14 IST" name="Default test" finished-at="2023-08-30T15:45:24 IST" duration-ms="9565">
      <class name="org.Test.moiouj">
        <test-method signature="runink()[pri:0, instance:org.Test.moiouj@245b4bdc]" started-at="2023-08-30T15:45:14 IST" name="runink" finished-at="2023-08-30T15:45:24 IST" duration-ms="9537" status="PASS">
          <reporter-output>
          </reporter-output>
        </test-method> <!-- runink -->
      </class> <!-- org.Test.moiouj -->
    </test> <!-- Default test -->
  </suite> <!-- Default suite -->
</testng-results>
